<?xml version="1.0" encoding="UTF-8"?>
<!-- Generated by org.testng.reporters.JUnitXMLReporter -->
<testsuite ignored="1" hostname="DESKTOP-399K5H3" failures="0" tests="1" name="Default test" time="4.696" errors="0" timestamp="2026-04-29T16:55:41 EDT">
  <testcase classname="tableautomation.TableTest" name="TestCase2Test" time="0.819"/>
  <testcase classname="tableautomation.TableTest" name="TestCase1Test" time="0.0">
    <ignored/>
  </testcase> <!-- TestCase1Test -->
</testsuite> <!-- Default test -->
